<?xml version="1.0" encoding="UTF-8"?>
<!-- Generated by org.testng.reporters.JUnitReportReporter -->
<testsuite hostname="Aruns-MacBook-Pro.local.hq.corp.viasat.com" failures="0" tests="3" name="com.example.library.RestAssuredTest" time="0.558" errors="0" timestamp="2024-11-29T14:59:53 IST" skipped="0">
  <testcase classname="com.example.library.RestAssuredTest" name="testGetBooks" time="0.019"/>
  <testcase classname="com.example.library.RestAssuredTest" name="testAddBook" time="0.510"/>
  <testcase classname="com.example.library.RestAssuredTest" name="testDeleteBook" time="0.029"/>
</testsuite> <!-- com.example.library.RestAssuredTest -->
