<?xml version="1.0" encoding="UTF-8"?>
<!-- Generated by org.testng.reporters.JUnitReportReporter -->
<testsuite hostname="Aruns-MacBook-Pro.local" failures="0" tests="3" name="com.example.library.tests.RestAssuredTest" time="0.638" errors="0" timestamp="2024-11-29T14:07:48 IST" skipped="0">
  <testcase classname="com.example.library.tests.RestAssuredTest" name="testGetBooks" time="0.024"/>
  <testcase classname="com.example.library.tests.RestAssuredTest" name="testAddBook" time="0.568"/>
  <testcase classname="com.example.library.tests.RestAssuredTest" name="testDeleteBook" time="0.046"/>
</testsuite> <!-- com.example.library.tests.RestAssuredTest -->
