<?xml version="1.0" encoding="UTF-8"?>
<!-- Generated by org.testng.reporters.JUnitReportReporter -->
<testsuite hostname="Aruns-MacBook-Pro.local" failures="0" tests="3" name="com.example.library.tests.RestAssuredTests" time="0.604" errors="0" timestamp="2024-11-29T01:34:37 IST" skipped="0">
  <testcase classname="com.example.library.tests.RestAssuredTests" name="testDeleteBook" time="0.037"/>
  <testcase classname="com.example.library.tests.RestAssuredTests" name="testGetBooks" time="0.021"/>
  <testcase classname="com.example.library.tests.RestAssuredTests" name="testAddBook" time="0.546"/>
</testsuite> <!-- com.example.library.tests.RestAssuredTests -->
